Base path: F:/Unity3D/Editor/Data
Cmd: getPlatforms
Cmd: compileSnippet
  api=5 type=0 insize=4652 outsize=4066 kw=POINT pd=UNITY_NO_LINEAR_COLORSPACE UNITY_ENABLE_REFLECTION_BUFFERS UNITY_FRAMEBUFFER_FETCH_AVAILABLE UNITY_PBS_USE_BRDF1 UNITY_SPECCUBE_BOX_PROJECTION UNITY_SPECCUBE_BLENDING UNITY_53_SPECIFIC_TARGET_WEBGL SHADER_API_MOBILE SHADER_API_DESKTOP ok=1
Cmd: compileSnippet
  api=5 type=1 insize=4652 outsize=0 kw=POINT pd=UNITY_NO_LINEAR_COLORSPACE UNITY_ENABLE_REFLECTION_BUFFERS UNITY_FRAMEBUFFER_FETCH_AVAILABLE UNITY_PBS_USE_BRDF1 UNITY_SPECCUBE_BOX_PROJECTION UNITY_SPECCUBE_BLENDING UNITY_53_SPECIFIC_TARGET_WEBGL SHADER_API_MOBILE SHADER_API_DESKTOP ok=1
Cmd: compileSnippet
  api=5 type=0 insize=13030 outsize=7407 kw=_SUNDISK_SIMPLE pd=UNITY_NO_LINEAR_COLORSPACE UNITY_ENABLE_REFLECTION_BUFFERS UNITY_FRAMEBUFFER_FETCH_AVAILABLE UNITY_PBS_USE_BRDF1 UNITY_SPECCUBE_BOX_PROJECTION UNITY_SPECCUBE_BLENDING UNITY_53_SPECIFIC_TARGET_WEBGL SHADER_API_MOBILE SHADER_API_DESKTOP ok=1
Cmd: compileSnippet
  api=5 type=1 insize=13030 outsize=0 kw=_SUNDISK_HIGH_QUALITY pd=UNITY_NO_LINEAR_COLORSPACE UNITY_ENABLE_REFLECTION_BUFFERS UNITY_FRAMEBUFFER_FETCH_AVAILABLE UNITY_PBS_USE_BRDF1 UNITY_SPECCUBE_BOX_PROJECTION UNITY_SPECCUBE_BLENDING UNITY_53_SPECIFIC_TARGET_WEBGL SHADER_API_MOBILE SHADER_API_DESKTOP ok=1
Cmd: compileSnippet
  api=5 type=1 insize=13030 outsize=0 kw=UNITY_COLORSPACE_GAMMA _SUNDISK_HIGH_QUALITY pd=UNITY_NO_LINEAR_COLORSPACE UNITY_ENABLE_REFLECTION_BUFFERS UNITY_FRAMEBUFFER_FETCH_AVAILABLE UNITY_PBS_USE_BRDF1 UNITY_SPECCUBE_BOX_PROJECTION UNITY_SPECCUBE_BLENDING UNITY_53_SPECIFIC_TARGET_WEBGL SHADER_API_MOBILE SHADER_API_DESKTOP ok=1
Cmd: compileSnippet
  api=5 type=0 insize=445348 outsize=13242 kw=DIRECTIONAL SHADOWS_OFF LIGHTMAP_OFF DIRLIGHTMAP_OFF DYNAMICLIGHTMAP_OFF VERTEXLIGHT_ON GEOM_TYPE_BRANCH pd=UNITY_NO_LINEAR_COLORSPACE UNITY_ENABLE_REFLECTION_BUFFERS UNITY_FRAMEBUFFER_FETCH_AVAILABLE UNITY_PBS_USE_BRDF1 UNITY_SPECCUBE_BOX_PROJECTION UNITY_SPECCUBE_BLENDING UNITY_53_SPECIFIC_TARGET_WEBGL SHADER_API_MOBILE SHADER_API_DESKTOP ok=1
Cmd: compileSnippet
  api=5 type=0 insize=445348 outsize=12043 kw=DIRECTIONAL SHADOWS_OFF LIGHTMAP_OFF DIRLIGHTMAP_OFF DYNAMICLIGHTMAP_OFF EFFECT_HUE_VARIATION GEOM_TYPE_BRANCH pd=UNITY_NO_LINEAR_COLORSPACE UNITY_ENABLE_REFLECTION_BUFFERS UNITY_FRAMEBUFFER_FETCH_AVAILABLE UNITY_PBS_USE_BRDF1 UNITY_SPECCUBE_BOX_PROJECTION UNITY_SPECCUBE_BLENDING UNITY_53_SPECIFIC_TARGET_WEBGL SHADER_API_MOBILE SHADER_API_DESKTOP ok=1
Cmd: compileSnippet
  api=5 type=0 insize=445348 outsize=13754 kw=DIRECTIONAL SHADOWS_OFF LIGHTMAP_OFF DIRLIGHTMAP_OFF DYNAMICLIGHTMAP_OFF EFFECT_BUMP EFFECT_HUE_VARIATION GEOM_TYPE_BRANCH pd=UNITY_NO_LINEAR_COLORSPACE UNITY_ENABLE_REFLECTION_BUFFERS UNITY_FRAMEBUFFER_FETCH_AVAILABLE UNITY_PBS_USE_BRDF1 UNITY_SPECCUBE_BOX_PROJECTION UNITY_SPECCUBE_BLENDING UNITY_53_SPECIFIC_TARGET_WEBGL SHADER_API_MOBILE SHADER_API_DESKTOP ok=1
Cmd: compileSnippet
  api=5 type=0 insize=445348 outsize=11459 kw=DIRECTIONAL SHADOWS_OFF LIGHTMAP_OFF DIRLIGHTMAP_OFF DYNAMICLIGHTMAP_OFF LOD_FADE_PERCENTAGE GEOM_TYPE_BRANCH pd=UNITY_NO_LINEAR_COLORSPACE UNITY_ENABLE_REFLECTION_BUFFERS UNITY_FRAMEBUFFER_FETCH_AVAILABLE UNITY_PBS_USE_BRDF1 UNITY_SPECCUBE_BOX_PROJECTION UNITY_SPECCUBE_BLENDING UNITY_53_SPECIFIC_TARGET_WEBGL SHADER_API_MOBILE SHADER_API_DESKTOP ok=1
Cmd: compileSnippet
  api=5 type=0 insize=445348 outsize=12195 kw=DIRECTIONAL SHADOWS_OFF LIGHTMAP_OFF DIRLIGHTMAP_OFF DYNAMICLIGHTMAP_OFF LOD_FADE_PERCENTAGE EFFECT_HUE_VARIATION GEOM_TYPE_BRANCH pd=UNITY_NO_LINEAR_COLORSPACE UNITY_ENABLE_REFLECTION_BUFFERS UNITY_FRAMEBUFFER_FETCH_AVAILABLE UNITY_PBS_USE_BRDF1 UNITY_SPECCUBE_BOX_PROJECTION UNITY_SPECCUBE_BLENDING UNITY_53_SPECIFIC_TARGET_WEBGL SHADER_API_MOBILE SHADER_API_DESKTOP ok=1
Cmd: compileSnippet
  api=5 type=0 insize=445348 outsize=13906 kw=DIRECTIONAL SHADOWS_OFF LIGHTMAP_OFF DIRLIGHTMAP_OFF DYNAMICLIGHTMAP_OFF LOD_FADE_PERCENTAGE EFFECT_BUMP EFFECT_HUE_VARIATION GEOM_TYPE_BRANCH pd=UNITY_NO_LINEAR_COLORSPACE UNITY_ENABLE_REFLECTION_BUFFERS UNITY_FRAMEBUFFER_FETCH_AVAILABLE UNITY_PBS_USE_BRDF1 UNITY_SPECCUBE_BOX_PROJECTION UNITY_SPECCUBE_BLENDING UNITY_53_SPECIFIC_TARGET_WEBGL SHADER_API_MOBILE SHADER_API_DESKTOP ok=1
Cmd: compileSnippet
  api=5 type=0 insize=445348 outsize=16540 kw=DIRECTIONAL SHADOWS_SCREEN LIGHTMAP_OFF DIRLIGHTMAP_OFF DYNAMICLIGHTMAP_OFF VERTEXLIGHT_ON LOD_FADE_PERCENTAGE EFFECT_BUMP EFFECT_HUE_VARIATION GEOM_TYPE_BRANCH pd=UNITY_NO_LINEAR_COLORSPACE UNITY_ENABLE_REFLECTION_BUFFERS UNITY_FRAMEBUFFER_FETCH_AVAILABLE UNITY_PBS_USE_BRDF1 UNITY_SPECCUBE_BOX_PROJECTION UNITY_SPECCUBE_BLENDING UNITY_53_SPECIFIC_TARGET_WEBGL SHADER_API_MOBILE SHADER_API_DESKTOP ok=1
Cmd: compileSnippet
  api=5 type=0 insize=445348 outsize=15001 kw=DIRECTIONAL SHADOWS_SCREEN LIGHTMAP_OFF DIRLIGHTMAP_OFF DYNAMICLIGHTMAP_OFF VERTEXLIGHT_ON LOD_FADE_CROSSFADE GEOM_TYPE_BRANCH pd=UNITY_NO_LINEAR_COLORSPACE UNITY_ENABLE_REFLECTION_BUFFERS UNITY_FRAMEBUFFER_FETCH_AVAILABLE UNITY_PBS_USE_BRDF1 UNITY_SPECCUBE_BOX_PROJECTION UNITY_SPECCUBE_BLENDING UNITY_53_SPECIFIC_TARGET_WEBGL SHADER_API_MOBILE SHADER_API_DESKTOP ok=1
Cmd: compileSnippet
  api=5 type=0 insize=445348 outsize=15737 kw=DIRECTIONAL SHADOWS_SCREEN LIGHTMAP_OFF DIRLIGHTMAP_OFF DYNAMICLIGHTMAP_OFF VERTEXLIGHT_ON LOD_FADE_CROSSFADE EFFECT_HUE_VARIATION GEOM_TYPE_BRANCH pd=UNITY_NO_LINEAR_COLORSPACE UNITY_ENABLE_REFLECTION_BUFFERS UNITY_FRAMEBUFFER_FETCH_AVAILABLE UNITY_PBS_USE_BRDF1 UNITY_SPECCUBE_BOX_PROJECTION UNITY_SPECCUBE_BLENDING UNITY_53_SPECIFIC_TARGET_WEBGL SHADER_API_MOBILE SHADER_API_DESKTOP ok=1
Cmd: compileSnippet
  api=5 type=0 insize=445348 outsize=17398 kw=DIRECTIONAL SHADOWS_SCREEN LIGHTMAP_OFF DIRLIGHTMAP_OFF DYNAMICLIGHTMAP_OFF VERTEXLIGHT_ON LOD_FADE_CROSSFADE EFFECT_BUMP EFFECT_HUE_VARIATION GEOM_TYPE_BRANCH pd=UNITY_NO_LINEAR_COLORSPACE UNITY_ENABLE_REFLECTION_BUFFERS UNITY_FRAMEBUFFER_FETCH_AVAILABLE UNITY_PBS_USE_BRDF1 UNITY_SPECCUBE_BOX_PROJECTION UNITY_SPECCUBE_BLENDING UNITY_53_SPECIFIC_TARGET_WEBGL SHADER_API_MOBILE SHADER_API_DESKTOP ok=1
Cmd: compileSnippet
  api=5 type=1 insize=445348 outsize=0 kw=DIRECTIONAL SHADOWS_SCREEN LIGHTMAP_OFF DIRLIGHTMAP_OFF DYNAMICLIGHTMAP_OFF EFFECT_HUE_VARIATION GEOM_TYPE_BRANCH pd=UNITY_NO_LINEAR_COLORSPACE UNITY_ENABLE_REFLECTION_BUFFERS UNITY_FRAMEBUFFER_FETCH_AVAILABLE UNITY_PBS_USE_BRDF1 UNITY_SPECCUBE_BOX_PROJECTION UNITY_SPECCUBE_BLENDING UNITY_53_SPECIFIC_TARGET_WEBGL SHADER_API_MOBILE SHADER_API_DESKTOP ok=1
Cmd: compileSnippet
  api=5 type=1 insize=445348 outsize=0 kw=DIRECTIONAL SHADOWS_SCREEN LIGHTMAP_OFF DIRLIGHTMAP_OFF DYNAMICLIGHTMAP_OFF LOD_FADE_PERCENTAGE GEOM_TYPE_BRANCH pd=UNITY_NO_LINEAR_COLORSPACE UNITY_ENABLE_REFLECTION_BUFFERS UNITY_FRAMEBUFFER_FETCH_AVAILABLE UNITY_PBS_USE_BRDF1 UNITY_SPECCUBE_BOX_PROJECTION UNITY_SPECCUBE_BLENDING UNITY_53_SPECIFIC_TARGET_WEBGL SHADER_API_MOBILE SHADER_API_DESKTOP ok=1
Cmd: compileSnippet
  api=5 type=1 insize=445348 outsize=0 kw=DIRECTIONAL SHADOWS_SCREEN LIGHTMAP_OFF DIRLIGHTMAP_OFF DYNAMICLIGHTMAP_OFF LOD_FADE_PERCENTAGE EFFECT_HUE_VARIATION GEOM_TYPE_BRANCH pd=UNITY_NO_LINEAR_COLORSPACE UNITY_ENABLE_REFLECTION_BUFFERS UNITY_FRAMEBUFFER_FETCH_AVAILABLE UNITY_PBS_USE_BRDF1 UNITY_SPECCUBE_BOX_PROJECTION UNITY_SPECCUBE_BLENDING UNITY_53_SPECIFIC_TARGET_WEBGL SHADER_API_MOBILE SHADER_API_DESKTOP ok=1
Cmd: compileSnippet
  api=5 type=1 insize=445348 outsize=0 kw=DIRECTIONAL SHADOWS_OFF LIGHTMAP_OFF DIRLIGHTMAP_OFF DYNAMICLIGHTMAP_OFF LOD_FADE_CROSSFADE GEOM_TYPE_BRANCH pd=UNITY_NO_LINEAR_COLORSPACE UNITY_ENABLE_REFLECTION_BUFFERS UNITY_FRAMEBUFFER_FETCH_AVAILABLE UNITY_PBS_USE_BRDF1 UNITY_SPECCUBE_BOX_PROJECTION UNITY_SPECCUBE_BLENDING UNITY_53_SPECIFIC_TARGET_WEBGL SHADER_API_MOBILE SHADER_API_DESKTOP ok=1
Cmd: compileSnippet
  api=5 type=1 insize=445348 outsize=0 kw=DIRECTIONAL SHADOWS_OFF LIGHTMAP_OFF DIRLIGHTMAP_OFF DYNAMICLIGHTMAP_OFF LOD_FADE_CROSSFADE EFFECT_BUMP EFFECT_HUE_VARIATION GEOM_TYPE_BRANCH pd=UNITY_NO_LINEAR_COLORSPACE UNITY_ENABLE_REFLECTION_BUFFERS UNITY_FRAMEBUFFER_FETCH_AVAILABLE UNITY_PBS_USE_BRDF1 UNITY_SPECCUBE_BOX_PROJECTION UNITY_SPECCUBE_BLENDING UNITY_53_SPECIFIC_TARGET_WEBGL SHADER_API_MOBILE SHADER_API_DESKTOP ok=1
Cmd: compileSnippet
  api=5 type=0 insize=291968 outsize=10633 kw=POINT_COOKIE GEOM_TYPE_BRANCH pd=UNITY_NO_LINEAR_COLORSPACE UNITY_ENABLE_REFLECTION_BUFFERS UNITY_FRAMEBUFFER_FETCH_AVAILABLE UNITY_PBS_USE_BRDF1 UNITY_SPECCUBE_BOX_PROJECTION UNITY_SPECCUBE_BLENDING UNITY_53_SPECIFIC_TARGET_WEBGL SHADER_API_MOBILE SHADER_API_DESKTOP ok=1
Cmd: compileSnippet
  api=5 type=0 insize=291968 outsize=10813 kw=DIRECTIONAL EFFECT_HUE_VARIATION GEOM_TYPE_BRANCH pd=UNITY_NO_LINEAR_COLORSPACE UNITY_ENABLE_REFLECTION_BUFFERS UNITY_FRAMEBUFFER_FETCH_AVAILABLE UNITY_PBS_USE_BRDF1 UNITY_SPECCUBE_BOX_PROJECTION UNITY_SPECCUBE_BLENDING UNITY_53_SPECIFIC_TARGET_WEBGL SHADER_API_MOBILE SHADER_API_DESKTOP ok=1
Cmd: compileSnippet
  api=5 type=0 insize=291968 outsize=12280 kw=DIRECTIONAL EFFECT_BUMP EFFECT_HUE_VARIATION GEOM_TYPE_BRANCH pd=UNITY_NO_LINEAR_COLORSPACE UNITY_ENABLE_REFLECTION_BUFFERS UNITY_FRAMEBUFFER_FETCH_AVAILABLE UNITY_PBS_USE_BRDF1 UNITY_SPECCUBE_BOX_PROJECTION UNITY_SPECCUBE_BLENDING UNITY_53_SPECIFIC_TARGET_WEBGL SHADER_API_MOBILE SHADER_API_DESKTOP ok=1
Cmd: compileSnippet
  api=5 type=0 insize=291968 outsize=10696 kw=POINT LOD_FADE_PERCENTAGE GEOM_TYPE_BRANCH pd=UNITY_NO_LINEAR_COLORSPACE UNITY_ENABLE_REFLECTION_BUFFERS UNITY_FRAMEBUFFER_FETCH_AVAILABLE UNITY_PBS_USE_BRDF1 UNITY_SPECCUBE_BOX_PROJECTION UNITY_SPECCUBE_BLENDING UNITY_53_SPECIFIC_TARGET_WEBGL SHADER_API_MOBILE SHADER_API_DESKTOP ok=1
Cmd: compileSnippet
  api=5 type=0 insize=291968 outsize=10597 kw=DIRECTIONAL_COOKIE LOD_FADE_PERCENTAGE GEOM_TYPE_BRANCH pd=UNITY_NO_LINEAR_COLORSPACE UNITY_ENABLE_REFLECTION_BUFFERS UNITY_FRAMEBUFFER_FETCH_AVAILABLE UNITY_PBS_USE_BRDF1 UNITY_SPECCUBE_BOX_PROJECTION UNITY_SPECCUBE_BLENDING UNITY_53_SPECIFIC_TARGET_WEBGL SHADER_API_MOBILE SHADER_API_DESKTOP ok=1
Cmd: compileSnippet
  api=5 type=0 insize=291968 outsize=11521 kw=POINT_COOKIE LOD_FADE_PERCENTAGE EFFECT_HUE_VARIATION GEOM_TYPE_BRANCH pd=UNITY_NO_LINEAR_COLORSPACE UNITY_ENABLE_REFLECTION_BUFFERS UNITY_FRAMEBUFFER_FETCH_AVAILABLE UNITY_PBS_USE_BRDF1 UNITY_SPECCUBE_BOX_PROJECTION UNITY_SPECCUBE_BLENDING UNITY_53_SPECIFIC_TARGET_WEBGL SHADER_API_MOBILE SHADER_API_DESKTOP ok=1
Cmd: compileSnippet
  api=5 type=0 insize=291968 outsize=13363 kw=SPOT LOD_FADE_PERCENTAGE EFFECT_BUMP EFFECT_HUE_VARIATION GEOM_TYPE_BRANCH pd=UNITY_NO_LINEAR_COLORSPACE UNITY_ENABLE_REFLECTION_BUFFERS UNITY_FRAMEBUFFER_FETCH_AVAILABLE UNITY_PBS_USE_BRDF1 UNITY_SPECCUBE_BOX_PROJECTION UNITY_SPECCUBE_BLENDING UNITY_53_SPECIFIC_TARGET_WEBGL SHADER_API_MOBILE SHADER_API_DESKTOP ok=1
Cmd: compileSnippet
  api=5 type=0 insize=291968 outsize=11124 kw=DIRECTIONAL LOD_FADE_CROSSFADE GEOM_TYPE_BRANCH pd=UNITY_NO_LINEAR_COLORSPACE UNITY_ENABLE_REFLECTION_BUFFERS UNITY_FRAMEBUFFER_FETCH_AVAILABLE UNITY_PBS_USE_BRDF1 UNITY_SPECCUBE_BOX_PROJECTION UNITY_SPECCUBE_BLENDING UNITY_53_SPECIFIC_TARGET_WEBGL SHADER_API_MOBILE SHADER_API_DESKTOP ok=1
Cmd: compileSnippet
  api=5 type=0 insize=291968 outsize=11492 kw=DIRECTIONAL_COOKIE LOD_FADE_CROSSFADE GEOM_TYPE_BRANCH pd=UNITY_NO_LINEAR_COLORSPACE UNITY_ENABLE_REFLECTION_BUFFERS UNITY_FRAMEBUFFER_FETCH_AVAILABLE UNITY_PBS_USE_BRDF1 UNITY_SPECCUBE_BOX_PROJECTION UNITY_SPECCUBE_BLENDING UNITY_53_SPECIFIC_TARGET_WEBGL SHADER_API_MOBILE SHADER_API_DESKTOP ok=1
Cmd: compileSnippet
  api=5 type=0 insize=291968 outsize=12228 kw=DIRECTIONAL_COOKIE LOD_FADE_CROSSFADE EFFECT_HUE_VARIATION GEOM_TYPE_BRANCH pd=UNITY_NO_LINEAR_COLORSPACE UNITY_ENABLE_REFLECTION_BUFFERS UNITY_FRAMEBUFFER_FETCH_AVAILABLE UNITY_PBS_USE_BRDF1 UNITY_SPECCUBE_BOX_PROJECTION UNITY_SPECCUBE_BLENDING UNITY_53_SPECIFIC_TARGET_WEBGL SHADER_API_MOBILE SHADER_API_DESKTOP ok=1
Cmd: compileSnippet
  api=5 type=0 insize=291968 outsize=14259 kw=SPOT LOD_FADE_CROSSFADE EFFECT_BUMP EFFECT_HUE_VARIATION GEOM_TYPE_BRANCH pd=UNITY_NO_LINEAR_COLORSPACE UNITY_ENABLE_REFLECTION_BUFFERS UNITY_FRAMEBUFFER_FETCH_AVAILABLE UNITY_PBS_USE_BRDF1 UNITY_SPECCUBE_BOX_PROJECTION UNITY_SPECCUBE_BLENDING UNITY_53_SPECIFIC_TARGET_WEBGL SHADER_API_MOBILE SHADER_API_DESKTOP ok=1
Cmd: compileSnippet
  api=5 type=1 insize=291968 outsize=0 kw=SPOT GEOM_TYPE_BRANCH pd=UNITY_NO_LINEAR_COLORSPACE UNITY_ENABLE_REFLECTION_BUFFERS UNITY_FRAMEBUFFER_FETCH_AVAILABLE UNITY_PBS_USE_BRDF1 UNITY_SPECCUBE_BOX_PROJECTION UNITY_SPECCUBE_BLENDING UNITY_53_SPECIFIC_TARGET_WEBGL SHADER_API_MOBILE SHADER_API_DESKTOP ok=1
Cmd: compileSnippet
  api=5 type=1 insize=291968 outsize=0 kw=SPOT EFFECT_HUE_VARIATION GEOM_TYPE_BRANCH pd=UNITY_NO_LINEAR_COLORSPACE UNITY_ENABLE_REFLECTION_BUFFERS UNITY_FRAMEBUFFER_FETCH_AVAILABLE UNITY_PBS_USE_BRDF1 UNITY_SPECCUBE_BOX_PROJECTION UNITY_SPECCUBE_BLENDING UNITY_53_SPECIFIC_TARGET_WEBGL SHADER_API_MOBILE SHADER_API_DESKTOP ok=1
Cmd: compileSnippet
  api=5 type=1 insize=291968 outsize=0 kw=DIRECTIONAL_COOKIE EFFECT_HUE_VARIATION GEOM_TYPE_BRANCH pd=UNITY_NO_LINEAR_COLORSPACE UNITY_ENABLE_REFLECTION_BUFFERS UNITY_FRAMEBUFFER_FETCH_AVAILABLE UNITY_PBS_USE_BRDF1 UNITY_SPECCUBE_BOX_PROJECTION UNITY_SPECCUBE_BLENDING UNITY_53_SPECIFIC_TARGET_WEBGL SHADER_API_MOBILE SHADER_API_DESKTOP ok=1
Cmd: compileSnippet
  api=5 type=1 insize=291968 outsize=0 kw=SPOT EFFECT_BUMP EFFECT_HUE_VARIATION GEOM_TYPE_BRANCH pd=UNITY_NO_LINEAR_COLORSPACE UNITY_ENABLE_REFLECTION_BUFFERS UNITY_FRAMEBUFFER_FETCH_AVAILABLE UNITY_PBS_USE_BRDF1 UNITY_SPECCUBE_BOX_PROJECTION UNITY_SPECCUBE_BLENDING UNITY_53_SPECIFIC_TARGET_WEBGL SHADER_API_MOBILE SHADER_API_DESKTOP ok=1
Cmd: compileSnippet
  api=5 type=1 insize=291968 outsize=0 kw=DIRECTIONAL LOD_FADE_PERCENTAGE GEOM_TYPE_BRANCH pd=UNITY_NO_LINEAR_COLORSPACE UNITY_ENABLE_REFLECTION_BUFFERS UNITY_FRAMEBUFFER_FETCH_AVAILABLE UNITY_PBS_USE_BRDF1 UNITY_SPECCUBE_BOX_PROJECTION UNITY_SPECCUBE_BLENDING UNITY_53_SPECIFIC_TARGET_WEBGL SHADER_API_MOBILE SHADER_API_DESKTOP ok=1
Cmd: compileSnippet
  api=5 type=1 insize=291968 outsize=0 kw=DIRECTIONAL LOD_FADE_PERCENTAGE EFFECT_HUE_VARIATION GEOM_TYPE_BRANCH pd=UNITY_NO_LINEAR_COLORSPACE UNITY_ENABLE_REFLECTION_BUFFERS UNITY_FRAMEBUFFER_FETCH_AVAILABLE UNITY_PBS_USE_BRDF1 UNITY_SPECCUBE_BOX_PROJECTION UNITY_SPECCUBE_BLENDING UNITY_53_SPECIFIC_TARGET_WEBGL SHADER_API_MOBILE SHADER_API_DESKTOP ok=1
Cmd: compileSnippet
  api=5 type=1 insize=291968 outsize=0 kw=POINT LOD_FADE_PERCENTAGE EFFECT_BUMP EFFECT_HUE_VARIATION GEOM_TYPE_BRANCH pd=UNITY_NO_LINEAR_COLORSPACE UNITY_ENABLE_REFLECTION_BUFFERS UNITY_FRAMEBUFFER_FETCH_AVAILABLE UNITY_PBS_USE_BRDF1 UNITY_SPECCUBE_BOX_PROJECTION UNITY_SPECCUBE_BLENDING UNITY_53_SPECIFIC_TARGET_WEBGL SHADER_API_MOBILE SHADER_API_DESKTOP ok=1
Cmd: compileSnippet
  api=5 type=1 insize=291968 outsize=0 kw=POINT_COOKIE LOD_FADE_PERCENTAGE EFFECT_BUMP EFFECT_HUE_VARIATION GEOM_TYPE_BRANCH pd=UNITY_NO_LINEAR_COLORSPACE UNITY_ENABLE_REFLECTION_BUFFERS UNITY_FRAMEBUFFER_FETCH_AVAILABLE UNITY_PBS_USE_BRDF1 UNITY_SPECCUBE_BOX_PROJECTION UNITY_SPECCUBE_BLENDING UNITY_53_SPECIFIC_TARGET_WEBGL SHADER_API_MOBILE SHADER_API_DESKTOP ok=1
Cmd: compileSnippet
  api=5 type=1 insize=291968 outsize=0 kw=POINT_COOKIE LOD_FADE_CROSSFADE GEOM_TYPE_BRANCH pd=UNITY_NO_LINEAR_COLORSPACE UNITY_ENABLE_REFLECTION_BUFFERS UNITY_FRAMEBUFFER_FETCH_AVAILABLE UNITY_PBS_USE_BRDF1 UNITY_SPECCUBE_BOX_PROJECTION UNITY_SPECCUBE_BLENDING UNITY_53_SPECIFIC_TARGET_WEBGL SHADER_API_MOBILE SHADER_API_DESKTOP ok=1
Cmd: compileSnippet
  api=5 type=1 insize=291968 outsize=0 kw=DIRECTIONAL LOD_FADE_CROSSFADE EFFECT_HUE_VARIATION GEOM_TYPE_BRANCH pd=UNITY_NO_LINEAR_COLORSPACE UNITY_ENABLE_REFLECTION_BUFFERS UNITY_FRAMEBUFFER_FETCH_AVAILABLE UNITY_PBS_USE_BRDF1 UNITY_SPECCUBE_BOX_PROJECTION UNITY_SPECCUBE_BLENDING UNITY_53_SPECIFIC_TARGET_WEBGL SHADER_API_MOBILE SHADER_API_DESKTOP ok=1
Cmd: compileSnippet
  api=5 type=1 insize=291968 outsize=0 kw=SPOT LOD_FADE_CROSSFADE EFFECT_BUMP EFFECT_HUE_VARIATION GEOM_TYPE_BRANCH pd=UNITY_NO_LINEAR_COLORSPACE UNITY_ENABLE_REFLECTION_BUFFERS UNITY_FRAMEBUFFER_FETCH_AVAILABLE UNITY_PBS_USE_BRDF1 UNITY_SPECCUBE_BOX_PROJECTION UNITY_SPECCUBE_BLENDING UNITY_53_SPECIFIC_TARGET_WEBGL SHADER_API_MOBILE SHADER_API_DESKTOP ok=1
Cmd: compileSnippet
  api=5 type=0 insize=255213 outsize=9273 kw=LOD_FADE_PERCENTAGE GEOM_TYPE_BRANCH pd=UNITY_NO_LINEAR_COLORSPACE UNITY_ENABLE_REFLECTION_BUFFERS UNITY_FRAMEBUFFER_FETCH_AVAILABLE UNITY_PBS_USE_BRDF1 UNITY_SPECCUBE_BOX_PROJECTION UNITY_SPECCUBE_BLENDING UNITY_53_SPECIFIC_TARGET_WEBGL SHADER_API_MOBILE SHADER_API_DESKTOP ok=1
Cmd: compileSnippet
  api=5 type=0 insize=255213 outsize=11889 kw=LOD_FADE_PERCENTAGE EFFECT_BUMP EFFECT_HUE_VARIATION GEOM_TYPE_BRANCH pd=UNITY_NO_LINEAR_COLORSPACE UNITY_ENABLE_REFLECTION_BUFFERS UNITY_FRAMEBUFFER_FETCH_AVAILABLE UNITY_PBS_USE_BRDF1 UNITY_SPECCUBE_BOX_PROJECTION UNITY_SPECCUBE_BLENDING UNITY_53_SPECIFIC_TARGET_WEBGL SHADER_API_MOBILE SHADER_API_DESKTOP ok=1
Cmd: compileSnippet
  api=5 type=1 insize=255213 outsize=0 kw=LOD_FADE_PERCENTAGE GEOM_TYPE_BRANCH pd=UNITY_NO_LINEAR_COLORSPACE UNITY_ENABLE_REFLECTION_BUFFERS UNITY_FRAMEBUFFER_FETCH_AVAILABLE UNITY_PBS_USE_BRDF1 UNITY_SPECCUBE_BOX_PROJECTION UNITY_SPECCUBE_BLENDING UNITY_53_SPECIFIC_TARGET_WEBGL SHADER_API_MOBILE SHADER_API_DESKTOP ok=1
Cmd: compileSnippet
  api=5 type=1 insize=255213 outsize=0 kw=LOD_FADE_CROSSFADE GEOM_TYPE_BRANCH pd=UNITY_NO_LINEAR_COLORSPACE UNITY_ENABLE_REFLECTION_BUFFERS UNITY_FRAMEBUFFER_FETCH_AVAILABLE UNITY_PBS_USE_BRDF1 UNITY_SPECCUBE_BOX_PROJECTION UNITY_SPECCUBE_BLENDING UNITY_53_SPECIFIC_TARGET_WEBGL SHADER_API_MOBILE SHADER_API_DESKTOP ok=1
Cmd: compileSnippet
  api=5 type=0 insize=393346 outsize=12093 kw=LIGHTMAP_OFF DIRLIGHTMAP_OFF DYNAMICLIGHTMAP_OFF UNITY_HDR_ON EFFECT_HUE_VARIATION GEOM_TYPE_BRANCH pd=UNITY_NO_LINEAR_COLORSPACE UNITY_ENABLE_REFLECTION_BUFFERS UNITY_FRAMEBUFFER_FETCH_AVAILABLE UNITY_PBS_USE_BRDF1 UNITY_SPECCUBE_BOX_PROJECTION UNITY_SPECCUBE_BLENDING UNITY_53_SPECIFIC_TARGET_WEBGL SHADER_API_MOBILE SHADER_API_DESKTOP ok=1
Cmd: compileSnippet
  api=5 type=0 insize=393346 outsize=11515 kw=LIGHTMAP_OFF DIRLIGHTMAP_OFF DYNAMICLIGHTMAP_OFF UNITY_HDR_ON LOD_FADE_PERCENTAGE GEOM_TYPE_BRANCH pd=UNITY_NO_LINEAR_COLORSPACE UNITY_ENABLE_REFLECTION_BUFFERS UNITY_FRAMEBUFFER_FETCH_AVAILABLE UNITY_PBS_USE_BRDF1 UNITY_SPECCUBE_BOX_PROJECTION UNITY_SPECCUBE_BLENDING UNITY_53_SPECIFIC_TARGET_WEBGL SHADER_API_MOBILE SHADER_API_DESKTOP ok=1
Cmd: compileSnippet
  api=5 type=0 insize=393346 outsize=12245 kw=LIGHTMAP_OFF DIRLIGHTMAP_OFF DYNAMICLIGHTMAP_OFF UNITY_HDR_ON LOD_FADE_PERCENTAGE EFFECT_HUE_VARIATION GEOM_TYPE_BRANCH pd=UNITY_NO_LINEAR_COLORSPACE UNITY_ENABLE_REFLECTION_BUFFERS UNITY_FRAMEBUFFER_FETCH_AVAILABLE UNITY_PBS_USE_BRDF1 UNITY_SPECCUBE_BOX_PROJECTION UNITY_SPECCUBE_BLENDING UNITY_53_SPECIFIC_TARGET_WEBGL SHADER_API_MOBILE SHADER_API_DESKTOP ok=1
Cmd: compileSnippet
  api=5 type=0 insize=393346 outsize=13054 kw=LIGHTMAP_OFF DIRLIGHTMAP_OFF DYNAMICLIGHTMAP_OFF LOD_FADE_CROSSFADE EFFECT_HUE_VARIATION GEOM_TYPE_BRANCH HDR_LIGHT_PREPASS_OFF pd=UNITY_NO_LINEAR_COLORSPACE UNITY_ENABLE_REFLECTION_BUFFERS UNITY_FRAMEBUFFER_FETCH_AVAILABLE UNITY_PBS_USE_BRDF1 UNITY_SPECCUBE_BOX_PROJECTION UNITY_SPECCUBE_BLENDING UNITY_53_SPECIFIC_TARGET_WEBGL SHADER_API_MOBILE SHADER_API_DESKTOP ok=1
Cmd: compileSnippet
  api=5 type=1 insize=393346 outsize=0 kw=LIGHTMAP_OFF DIRLIGHTMAP_OFF DYNAMICLIGHTMAP_OFF UNITY_HDR_ON GEOM_TYPE_BRANCH pd=UNITY_NO_LINEAR_COLORSPACE UNITY_ENABLE_REFLECTION_BUFFERS UNITY_FRAMEBUFFER_FETCH_AVAILABLE UNITY_PBS_USE_BRDF1 UNITY_SPECCUBE_BOX_PROJECTION UNITY_SPECCUBE_BLENDING UNITY_53_SPECIFIC_TARGET_WEBGL SHADER_API_MOBILE SHADER_API_DESKTOP ok=1
Cmd: compileSnippet
  api=5 type=1 insize=393346 outsize=0 kw=LIGHTMAP_OFF DIRLIGHTMAP_OFF DYNAMICLIGHTMAP_OFF UNITY_HDR_ON EFFECT_BUMP EFFECT_HUE_VARIATION GEOM_TYPE_BRANCH pd=UNITY_NO_LINEAR_COLORSPACE UNITY_ENABLE_REFLECTION_BUFFERS UNITY_FRAMEBUFFER_FETCH_AVAILABLE UNITY_PBS_USE_BRDF1 UNITY_SPECCUBE_BOX_PROJECTION UNITY_SPECCUBE_BLENDING UNITY_53_SPECIFIC_TARGET_WEBGL SHADER_API_MOBILE SHADER_API_DESKTOP ok=1
Cmd: compileSnippet
  api=5 type=1 insize=393346 outsize=0 kw=LIGHTMAP_OFF DIRLIGHTMAP_OFF DYNAMICLIGHTMAP_OFF UNITY_HDR_ON LOD_FADE_PERCENTAGE EFFECT_HUE_VARIATION GEOM_TYPE_BRANCH pd=UNITY_NO_LINEAR_COLORSPACE UNITY_ENABLE_REFLECTION_BUFFERS UNITY_FRAMEBUFFER_FETCH_AVAILABLE UNITY_PBS_USE_BRDF1 UNITY_SPECCUBE_BOX_PROJECTION UNITY_SPECCUBE_BLENDING UNITY_53_SPECIFIC_TARGET_WEBGL SHADER_API_MOBILE SHADER_API_DESKTOP ok=1
Cmd: compileSnippet
  api=5 type=1 insize=393346 outsize=0 kw=LIGHTMAP_OFF DIRLIGHTMAP_OFF DYNAMICLIGHTMAP_OFF UNITY_HDR_ON LOD_FADE_CROSSFADE GEOM_TYPE_BRANCH pd=UNITY_NO_LINEAR_COLORSPACE UNITY_ENABLE_REFLECTION_BUFFERS UNITY_FRAMEBUFFER_FETCH_AVAILABLE UNITY_PBS_USE_BRDF1 UNITY_SPECCUBE_BOX_PROJECTION UNITY_SPECCUBE_BLENDING UNITY_53_SPECIFIC_TARGET_WEBGL SHADER_API_MOBILE SHADER_API_DESKTOP ok=1
Cmd: compileSnippet
  api=5 type=0 insize=401320 outsize=12308 kw=LIGHTMAP_OFF DIRLIGHTMAP_OFF DYNAMICLIGHTMAP_OFF EFFECT_HUE_VARIATION GEOM_TYPE_BRANCH HDR_LIGHT_PREPASS_OFF pd=UNITY_NO_LINEAR_COLORSPACE UNITY_ENABLE_REFLECTION_BUFFERS UNITY_FRAMEBUFFER_FETCH_AVAILABLE UNITY_PBS_USE_BRDF1 UNITY_SPECCUBE_BOX_PROJECTION UNITY_SPECCUBE_BLENDING UNITY_53_SPECIFIC_TARGET_WEBGL SHADER_API_MOBILE SHADER_API_DESKTOP ok=1
Cmd: compileSnippet
  api=5 type=0 insize=401320 outsize=11610 kw=LIGHTMAP_OFF DIRLIGHTMAP_OFF DYNAMICLIGHTMAP_OFF UNITY_HDR_ON LOD_FADE_PERCENTAGE GEOM_TYPE_BRANCH pd=UNITY_NO_LINEAR_COLORSPACE UNITY_ENABLE_REFLECTION_BUFFERS UNITY_FRAMEBUFFER_FETCH_AVAILABLE UNITY_PBS_USE_BRDF1 UNITY_SPECCUBE_BOX_PROJECTION UNITY_SPECCUBE_BLENDING UNITY_53_SPECIFIC_TARGET_WEBGL SHADER_API_MOBILE SHADER_API_DESKTOP ok=1
Cmd: compileSnippet
  api=5 type=0 insize=401320 outsize=12342 kw=LIGHTMAP_OFF DIRLIGHTMAP_OFF DYNAMICLIGHTMAP_OFF UNITY_HDR_ON LOD_FADE_PERCENTAGE EFFECT_HUE_VARIATION GEOM_TYPE_BRANCH pd=UNITY_NO_LINEAR_COLORSPACE UNITY_ENABLE_REFLECTION_BUFFERS UNITY_FRAMEBUFFER_FETCH_AVAILABLE UNITY_PBS_USE_BRDF1 UNITY_SPECCUBE_BOX_PROJECTION UNITY_SPECCUBE_BLENDING UNITY_53_SPECIFIC_TARGET_WEBGL SHADER_API_MOBILE SHADER_API_DESKTOP ok=1
Cmd: compileSnippet
  api=5 type=0 insize=401320 outsize=12508 kw=LIGHTMAP_OFF DIRLIGHTMAP_OFF DYNAMICLIGHTMAP_OFF UNITY_HDR_ON LOD_FADE_CROSSFADE GEOM_TYPE_BRANCH pd=UNITY_NO_LINEAR_COLORSPACE UNITY_ENABLE_REFLECTION_BUFFERS UNITY_FRAMEBUFFER_FETCH_AVAILABLE UNITY_PBS_USE_BRDF1 UNITY_SPECCUBE_BOX_PROJECTION UNITY_SPECCUBE_BLENDING UNITY_53_SPECIFIC_TARGET_WEBGL SHADER_API_MOBILE SHADER_API_DESKTOP ok=1
Cmd: compileSnippet
  api=5 type=0 insize=401320 outsize=14948 kw=LIGHTMAP_OFF DIRLIGHTMAP_OFF DYNAMICLIGHTMAP_OFF UNITY_HDR_ON LOD_FADE_CROSSFADE EFFECT_BUMP EFFECT_HUE_VARIATION GEOM_TYPE_BRANCH pd=UNITY_NO_LINEAR_COLORSPACE UNITY_ENABLE_REFLECTION_BUFFERS UNITY_FRAMEBUFFER_FETCH_AVAILABLE UNITY_PBS_USE_BRDF1 UNITY_SPECCUBE_BOX_PROJECTION UNITY_SPECCUBE_BLENDING UNITY_53_SPECIFIC_TARGET_WEBGL SHADER_API_MOBILE SHADER_API_DESKTOP ok=1
Cmd: compileSnippet
  api=5 type=1 insize=401320 outsize=0 kw=LIGHTMAP_OFF DIRLIGHTMAP_OFF DYNAMICLIGHTMAP_OFF UNITY_HDR_ON GEOM_TYPE_BRANCH pd=UNITY_NO_LINEAR_COLORSPACE UNITY_ENABLE_REFLECTION_BUFFERS UNITY_FRAMEBUFFER_FETCH_AVAILABLE UNITY_PBS_USE_BRDF1 UNITY_SPECCUBE_BOX_PROJECTION UNITY_SPECCUBE_BLENDING UNITY_53_SPECIFIC_TARGET_WEBGL SHADER_API_MOBILE SHADER_API_DESKTOP ok=1
Cmd: compileSnippet
  api=5 type=1 insize=401320 outsize=0 kw=LIGHTMAP_OFF DIRLIGHTMAP_OFF DYNAMICLIGHTMAP_OFF EFFECT_BUMP EFFECT_HUE_VARIATION GEOM_TYPE_BRANCH HDR_LIGHT_PREPASS_OFF pd=UNITY_NO_LINEAR_COLORSPACE UNITY_ENABLE_REFLECTION_BUFFERS UNITY_FRAMEBUFFER_FETCH_AVAILABLE UNITY_PBS_USE_BRDF1 UNITY_SPECCUBE_BOX_PROJECTION UNITY_SPECCUBE_BLENDING UNITY_53_SPECIFIC_TARGET_WEBGL SHADER_API_MOBILE SHADER_API_DESKTOP ok=1
Cmd: compileSnippet
  api=5 type=1 insize=401320 outsize=0 kw=LIGHTMAP_OFF DIRLIGHTMAP_OFF DYNAMICLIGHTMAP_OFF LOD_FADE_PERCENTAGE EFFECT_BUMP EFFECT_HUE_VARIATION GEOM_TYPE_BRANCH HDR_LIGHT_PREPASS_OFF pd=UNITY_NO_LINEAR_COLORSPACE UNITY_ENABLE_REFLECTION_BUFFERS UNITY_FRAMEBUFFER_FETCH_AVAILABLE UNITY_PBS_USE_BRDF1 UNITY_SPECCUBE_BOX_PROJECTION UNITY_SPECCUBE_BLENDING UNITY_53_SPECIFIC_TARGET_WEBGL SHADER_API_MOBILE SHADER_API_DESKTOP ok=1
Cmd: compileSnippet
  api=5 type=1 insize=401320 outsize=0 kw=LIGHTMAP_OFF DIRLIGHTMAP_OFF DYNAMICLIGHTMAP_OFF UNITY_HDR_ON LOD_FADE_CROSSFADE EFFECT_HUE_VARIATION GEOM_TYPE_BRANCH pd=UNITY_NO_LINEAR_COLORSPACE UNITY_ENABLE_REFLECTION_BUFFERS UNITY_FRAMEBUFFER_FETCH_AVAILABLE UNITY_PBS_USE_BRDF1 UNITY_SPECCUBE_BOX_PROJECTION UNITY_SPECCUBE_BLENDING UNITY_53_SPECIFIC_TARGET_WEBGL SHADER_API_MOBILE SHADER_API_DESKTOP ok=1
Cmd: compileSnippet
  api=5 type=0 insize=1274 outsize=8136 kw=SHADOWS_CUBE GEOM_TYPE_BRANCH pd=UNITY_NO_LINEAR_COLORSPACE UNITY_ENABLE_REFLECTION_BUFFERS UNITY_FRAMEBUFFER_FETCH_AVAILABLE UNITY_PBS_USE_BRDF1 UNITY_SPECCUBE_BOX_PROJECTION UNITY_SPECCUBE_BLENDING UNITY_53_SPECIFIC_TARGET_WEBGL SHADER_API_MOBILE SHADER_API_DESKTOP ok=1
Cmd: compileSnippet
  api=5 type=0 insize=1274 outsize=9158 kw=SHADOWS_CUBE LOD_FADE_CROSSFADE GEOM_TYPE_BRANCH pd=UNITY_NO_LINEAR_COLORSPACE UNITY_ENABLE_REFLECTION_BUFFERS UNITY_FRAMEBUFFER_FETCH_AVAILABLE UNITY_PBS_USE_BRDF1 UNITY_SPECCUBE_BOX_PROJECTION UNITY_SPECCUBE_BLENDING UNITY_53_SPECIFIC_TARGET_WEBGL SHADER_API_MOBILE SHADER_API_DESKTOP ok=1
Cmd: compileSnippet
  api=5 type=1 insize=1274 outsize=0 kw=SHADOWS_DEPTH LOD_FADE_PERCENTAGE GEOM_TYPE_BRANCH pd=UNITY_NO_LINEAR_COLORSPACE UNITY_ENABLE_REFLECTION_BUFFERS UNITY_FRAMEBUFFER_FETCH_AVAILABLE UNITY_PBS_USE_BRDF1 UNITY_SPECCUBE_BOX_PROJECTION UNITY_SPECCUBE_BLENDING UNITY_53_SPECIFIC_TARGET_WEBGL SHADER_API_MOBILE SHADER_API_DESKTOP ok=1
Cmd: compileSnippet
  api=5 type=1 insize=1274 outsize=0 kw=SHADOWS_DEPTH LOD_FADE_CROSSFADE GEOM_TYPE_BRANCH pd=UNITY_NO_LINEAR_COLORSPACE UNITY_ENABLE_REFLECTION_BUFFERS UNITY_FRAMEBUFFER_FETCH_AVAILABLE UNITY_PBS_USE_BRDF1 UNITY_SPECCUBE_BOX_PROJECTION UNITY_SPECCUBE_BLENDING UNITY_53_SPECIFIC_TARGET_WEBGL SHADER_API_MOBILE SHADER_API_DESKTOP ok=1
Cmd: compileSnippet
  api=5 type=0 insize=1222 outsize=11841 kw=LOD_FADE_PERCENTAGE GEOM_TYPE_BRANCH pd=UNITY_NO_LINEAR_COLORSPACE UNITY_ENABLE_REFLECTION_BUFFERS UNITY_FRAMEBUFFER_FETCH_AVAILABLE UNITY_PBS_USE_BRDF1 UNITY_SPECCUBE_BOX_PROJECTION UNITY_SPECCUBE_BLENDING UNITY_53_SPECIFIC_TARGET_WEBGL SHADER_API_MOBILE SHADER_API_DESKTOP ok=1
Cmd: compileSnippet
  api=5 type=1 insize=1222 outsize=0 kw=LOD_FADE_PERCENTAGE GEOM_TYPE_BRANCH pd=UNITY_NO_LINEAR_COLORSPACE UNITY_ENABLE_REFLECTION_BUFFERS UNITY_FRAMEBUFFER_FETCH_AVAILABLE UNITY_PBS_USE_BRDF1 UNITY_SPECCUBE_BOX_PROJECTION UNITY_SPECCUBE_BLENDING UNITY_53_SPECIFIC_TARGET_WEBGL SHADER_API_MOBILE SHADER_API_DESKTOP ok=1
Cmd: compileSnippet
  api=5 type=0 insize=69507 outsize=4681 kw=DIRECTIONAL SHADOWS_SCREEN LIGHTMAP_OFF DIRLIGHTMAP_OFF DYNAMICLIGHTMAP_OFF GEOM_TYPE_BRANCH pd=UNITY_NO_LINEAR_COLORSPACE UNITY_ENABLE_REFLECTION_BUFFERS UNITY_FRAMEBUFFER_FETCH_AVAILABLE UNITY_PBS_USE_BRDF1 UNITY_SPECCUBE_BOX_PROJECTION UNITY_SPECCUBE_BLENDING UNITY_53_SPECIFIC_TARGET_WEBGL SHADER_API_MOBILE SHADER_API_DESKTOP ok=1
Cmd: compileSnippet
  api=5 type=0 insize=69507 outsize=6729 kw=DIRECTIONAL SHADOWS_SCREEN LIGHTMAP_OFF DIRLIGHTMAP_OFF DYNAMICLIGHTMAP_OFF VERTEXLIGHT_ON LOD_FADE_PERCENTAGE GEOM_TYPE_BRANCH pd=UNITY_NO_LINEAR_COLORSPACE UNITY_ENABLE_REFLECTION_BUFFERS UNITY_FRAMEBUFFER_FETCH_AVAILABLE UNITY_PBS_USE_BRDF1 UNITY_SPECCUBE_BOX_PROJECTION UNITY_SPECCUBE_BLENDING UNITY_53_SPECIFIC_TARGET_WEBGL SHADER_API_MOBILE SHADER_API_DESKTOP ok=1
Cmd: compileSnippet
  api=5 type=1 insize=69507 outsize=0 kw=DIRECTIONAL SHADOWS_SCREEN LIGHTMAP_OFF DIRLIGHTMAP_OFF DYNAMICLIGHTMAP_OFF LOD_FADE_PERCENTAGE GEOM_TYPE_BRANCH pd=UNITY_NO_LINEAR_COLORSPACE UNITY_ENABLE_REFLECTION_BUFFERS UNITY_FRAMEBUFFER_FETCH_AVAILABLE UNITY_PBS_USE_BRDF1 UNITY_SPECCUBE_BOX_PROJECTION UNITY_SPECCUBE_BLENDING UNITY_53_SPECIFIC_TARGET_WEBGL SHADER_API_MOBILE SHADER_API_DESKTOP ok=1
Cmd: compileSnippet
  api=5 type=0 insize=41386 outsize=3722 kw=SPOT GEOM_TYPE_BRANCH pd=UNITY_NO_LINEAR_COLORSPACE UNITY_ENABLE_REFLECTION_BUFFERS UNITY_FRAMEBUFFER_FETCH_AVAILABLE UNITY_PBS_USE_BRDF1 UNITY_SPECCUBE_BOX_PROJECTION UNITY_SPECCUBE_BLENDING UNITY_53_SPECIFIC_TARGET_WEBGL SHADER_API_MOBILE SHADER_API_DESKTOP ok=1
Cmd: compileSnippet
  api=5 type=0 insize=41386 outsize=3929 kw=SPOT LOD_FADE_PERCENTAGE GEOM_TYPE_BRANCH pd=UNITY_NO_LINEAR_COLORSPACE UNITY_ENABLE_REFLECTION_BUFFERS UNITY_FRAMEBUFFER_FETCH_AVAILABLE UNITY_PBS_USE_BRDF1 UNITY_SPECCUBE_BOX_PROJECTION UNITY_SPECCUBE_BLENDING UNITY_53_SPECIFIC_TARGET_WEBGL SHADER_API_MOBILE SHADER_API_DESKTOP ok=1
Cmd: compileSnippet
  api=5 type=1 insize=41386 outsize=0 kw=SPOT GEOM_TYPE_BRANCH pd=UNITY_NO_LINEAR_COLORSPACE UNITY_ENABLE_REFLECTION_BUFFERS UNITY_FRAMEBUFFER_FETCH_AVAILABLE UNITY_PBS_USE_BRDF1 UNITY_SPECCUBE_BOX_PROJECTION UNITY_SPECCUBE_BLENDING UNITY_53_SPECIFIC_TARGET_WEBGL SHADER_API_MOBILE SHADER_API_DESKTOP ok=1
Cmd: compileSnippet
  api=5 type=1 insize=41386 outsize=0 kw=DIRECTIONAL_COOKIE GEOM_TYPE_BRANCH pd=UNITY_NO_LINEAR_COLORSPACE UNITY_ENABLE_REFLECTION_BUFFERS UNITY_FRAMEBUFFER_FETCH_AVAILABLE UNITY_PBS_USE_BRDF1 UNITY_SPECCUBE_BOX_PROJECTION UNITY_SPECCUBE_BLENDING UNITY_53_SPECIFIC_TARGET_WEBGL SHADER_API_MOBILE SHADER_API_DESKTOP ok=1
Cmd: compileSnippet
  api=5 type=1 insize=35171 outsize=0 kw=LOD_FADE_PERCENTAGE GEOM_TYPE_BRANCH pd=UNITY_NO_LINEAR_COLORSPACE UNITY_ENABLE_REFLECTION_BUFFERS UNITY_FRAMEBUFFER_FETCH_AVAILABLE UNITY_PBS_USE_BRDF1 UNITY_SPECCUBE_BOX_PROJECTION UNITY_SPECCUBE_BLENDING UNITY_53_SPECIFIC_TARGET_WEBGL SHADER_API_MOBILE SHADER_API_DESKTOP ok=1
Cmd: compileSnippet
  api=5 type=0 insize=61074 outsize=4288 kw=LIGHTMAP_OFF DIRLIGHTMAP_OFF DYNAMICLIGHTMAP_OFF UNITY_HDR_ON LOD_FADE_PERCENTAGE GEOM_TYPE_BRANCH pd=UNITY_NO_LINEAR_COLORSPACE UNITY_ENABLE_REFLECTION_BUFFERS UNITY_FRAMEBUFFER_FETCH_AVAILABLE UNITY_PBS_USE_BRDF1 UNITY_SPECCUBE_BOX_PROJECTION UNITY_SPECCUBE_BLENDING UNITY_53_SPECIFIC_TARGET_WEBGL SHADER_API_MOBILE SHADER_API_DESKTOP ok=1
Cmd: compileSnippet
  api=5 type=1 insize=61074 outsize=0 kw=LIGHTMAP_OFF DIRLIGHTMAP_OFF DYNAMICLIGHTMAP_OFF UNITY_HDR_ON LOD_FADE_PERCENTAGE GEOM_TYPE_BRANCH pd=UNITY_NO_LINEAR_COLORSPACE UNITY_ENABLE_REFLECTION_BUFFERS UNITY_FRAMEBUFFER_FETCH_AVAILABLE UNITY_PBS_USE_BRDF1 UNITY_SPECCUBE_BOX_PROJECTION UNITY_SPECCUBE_BLENDING UNITY_53_SPECIFIC_TARGET_WEBGL SHADER_API_MOBILE SHADER_API_DESKTOP ok=1
Cmd: compileSnippet
  api=5 type=0 insize=59578 outsize=4084 kw=LIGHTMAP_OFF DIRLIGHTMAP_OFF DYNAMICLIGHTMAP_OFF UNITY_HDR_ON GEOM_TYPE_BRANCH pd=UNITY_NO_LINEAR_COLORSPACE UNITY_ENABLE_REFLECTION_BUFFERS UNITY_FRAMEBUFFER_FETCH_AVAILABLE UNITY_PBS_USE_BRDF1 UNITY_SPECCUBE_BOX_PROJECTION UNITY_SPECCUBE_BLENDING UNITY_53_SPECIFIC_TARGET_WEBGL SHADER_API_MOBILE SHADER_API_DESKTOP ok=1
Cmd: compileSnippet
  api=5 type=1 insize=59578 outsize=0 kw=LIGHTMAP_OFF DIRLIGHTMAP_OFF DYNAMICLIGHTMAP_OFF UNITY_HDR_ON GEOM_TYPE_BRANCH pd=UNITY_NO_LINEAR_COLORSPACE UNITY_ENABLE_REFLECTION_BUFFERS UNITY_FRAMEBUFFER_FETCH_AVAILABLE UNITY_PBS_USE_BRDF1 UNITY_SPECCUBE_BOX_PROJECTION UNITY_SPECCUBE_BLENDING UNITY_53_SPECIFIC_TARGET_WEBGL SHADER_API_MOBILE SHADER_API_DESKTOP ok=1
Cmd: compileSnippet
  api=5 type=0 insize=1078 outsize=2289 kw=SHADOWS_DEPTH LOD_FADE_PERCENTAGE GEOM_TYPE_BRANCH pd=UNITY_NO_LINEAR_COLORSPACE UNITY_ENABLE_REFLECTION_BUFFERS UNITY_FRAMEBUFFER_FETCH_AVAILABLE UNITY_PBS_USE_BRDF1 UNITY_SPECCUBE_BOX_PROJECTION UNITY_SPECCUBE_BLENDING UNITY_53_SPECIFIC_TARGET_WEBGL SHADER_API_MOBILE SHADER_API_DESKTOP ok=1
Cmd: compileSnippet
  api=5 type=1 insize=1078 outsize=0 kw=SHADOWS_CUBE LOD_FADE_PERCENTAGE GEOM_TYPE_BRANCH pd=UNITY_NO_LINEAR_COLORSPACE UNITY_ENABLE_REFLECTION_BUFFERS UNITY_FRAMEBUFFER_FETCH_AVAILABLE UNITY_PBS_USE_BRDF1 UNITY_SPECCUBE_BOX_PROJECTION UNITY_SPECCUBE_BLENDING UNITY_53_SPECIFIC_TARGET_WEBGL SHADER_API_MOBILE SHADER_API_DESKTOP ok=1
Cmd: compileSnippet
  api=5 type=1 insize=1111 outsize=0 kw=LOD_FADE_PERCENTAGE GEOM_TYPE_BRANCH pd=UNITY_NO_LINEAR_COLORSPACE UNITY_ENABLE_REFLECTION_BUFFERS UNITY_FRAMEBUFFER_FETCH_AVAILABLE UNITY_PBS_USE_BRDF1 UNITY_SPECCUBE_BOX_PROJECTION UNITY_SPECCUBE_BLENDING UNITY_53_SPECIFIC_TARGET_WEBGL SHADER_API_MOBILE SHADER_API_DESKTOP ok=1
Cmd: compileSnippet
  api=5 type=1 insize=4597 outsize=0 kw=SPOT pd=UNITY_NO_DXT5nm UNITY_NO_LINEAR_COLORSPACE UNITY_ENABLE_REFLECTION_BUFFERS UNITY_FRAMEBUFFER_FETCH_AVAILABLE UNITY_PBS_USE_BRDF1 UNITY_SPECCUBE_BOX_PROJECTION UNITY_SPECCUBE_BLENDING UNITY_53_SPECIFIC_TARGET_WEBGL SHADER_API_MOBILE SHADER_API_DESKTOP ok=1
Cmd: compileSnippet
  api=5 type=0 insize=6763 outsize=4088 kw=DIRECTIONAL SHADOWS_SCREEN LIGHTMAP_OFF DIRLIGHTMAP_OFF DYNAMICLIGHTMAP_OFF pd=UNITY_NO_DXT5nm UNITY_NO_LINEAR_COLORSPACE UNITY_ENABLE_REFLECTION_BUFFERS UNITY_FRAMEBUFFER_FETCH_AVAILABLE UNITY_PBS_USE_BRDF1 UNITY_SPECCUBE_BOX_PROJECTION UNITY_SPECCUBE_BLENDING UNITY_53_SPECIFIC_TARGET_WEBGL SHADER_API_MOBILE SHADER_API_DESKTOP ok=1
Cmd: compileSnippet
  api=5 type=1 insize=6763 outsize=0 kw=DIRECTIONAL SHADOWS_SCREEN LIGHTMAP_OFF DIRLIGHTMAP_OFF DYNAMICLIGHTMAP_OFF pd=UNITY_NO_DXT5nm UNITY_NO_LINEAR_COLORSPACE UNITY_ENABLE_REFLECTION_BUFFERS UNITY_FRAMEBUFFER_FETCH_AVAILABLE UNITY_PBS_USE_BRDF1 UNITY_SPECCUBE_BOX_PROJECTION UNITY_SPECCUBE_BLENDING UNITY_53_SPECIFIC_TARGET_WEBGL SHADER_API_MOBILE SHADER_API_DESKTOP ok=1
Cmd: compileSnippet
  api=5 type=0 insize=3695 outsize=3146 kw=SPOT pd=UNITY_NO_DXT5nm UNITY_NO_LINEAR_COLORSPACE UNITY_ENABLE_REFLECTION_BUFFERS UNITY_FRAMEBUFFER_FETCH_AVAILABLE UNITY_PBS_USE_BRDF1 UNITY_SPECCUBE_BOX_PROJECTION UNITY_SPECCUBE_BLENDING UNITY_53_SPECIFIC_TARGET_WEBGL SHADER_API_MOBILE SHADER_API_DESKTOP ok=1
Cmd: compileSnippet
  api=5 type=1 insize=3695 outsize=0 kw=DIRECTIONAL pd=UNITY_NO_DXT5nm UNITY_NO_LINEAR_COLORSPACE UNITY_ENABLE_REFLECTION_BUFFERS UNITY_FRAMEBUFFER_FETCH_AVAILABLE UNITY_PBS_USE_BRDF1 UNITY_SPECCUBE_BOX_PROJECTION UNITY_SPECCUBE_BLENDING UNITY_53_SPECIFIC_TARGET_WEBGL SHADER_API_MOBILE SHADER_API_DESKTOP ok=1
Cmd: compileSnippet
  api=5 type=0 insize=5962 outsize=3492 kw=LIGHTMAP_OFF DIRLIGHTMAP_OFF DYNAMICLIGHTMAP_OFF UNITY_HDR_ON pd=UNITY_NO_DXT5nm UNITY_NO_LINEAR_COLORSPACE UNITY_ENABLE_REFLECTION_BUFFERS UNITY_FRAMEBUFFER_FETCH_AVAILABLE UNITY_PBS_USE_BRDF1 UNITY_SPECCUBE_BOX_PROJECTION UNITY_SPECCUBE_BLENDING UNITY_53_SPECIFIC_TARGET_WEBGL SHADER_API_MOBILE SHADER_API_DESKTOP ok=1
Cmd: compileSnippet
  api=5 type=1 insize=5700 outsize=0 kw=LIGHTMAP_OFF DIRLIGHTMAP_OFF DYNAMICLIGHTMAP_OFF UNITY_HDR_ON pd=UNITY_NO_DXT5nm UNITY_NO_LINEAR_COLORSPACE UNITY_ENABLE_REFLECTION_BUFFERS UNITY_FRAMEBUFFER_FETCH_AVAILABLE UNITY_PBS_USE_BRDF1 UNITY_SPECCUBE_BOX_PROJECTION UNITY_SPECCUBE_BLENDING UNITY_53_SPECIFIC_TARGET_WEBGL SHADER_API_MOBILE SHADER_API_DESKTOP ok=1
Cmd: compileSnippet
  api=5 type=0 insize=1275 outsize=3899 kw=POINT_COOKIE SHADOWS_OFF pd=UNITY_NO_DXT5nm UNITY_NO_LINEAR_COLORSPACE UNITY_ENABLE_REFLECTION_BUFFERS UNITY_FRAMEBUFFER_FETCH_AVAILABLE UNITY_PBS_USE_BRDF1 UNITY_SPECCUBE_BOX_PROJECTION UNITY_SPECCUBE_BLENDING UNITY_53_SPECIFIC_TARGET_WEBGL SHADER_API_MOBILE SHADER_API_DESKTOP ok=1
Cmd: compileSnippet
  api=5 type=0 insize=1275 outsize=3662 kw=DIRECTIONAL SHADOWS_SCREEN pd=UNITY_NO_DXT5nm UNITY_NO_LINEAR_COLORSPACE UNITY_ENABLE_REFLECTION_BUFFERS UNITY_FRAMEBUFFER_FETCH_AVAILABLE UNITY_PBS_USE_BRDF1 UNITY_SPECCUBE_BOX_PROJECTION UNITY_SPECCUBE_BLENDING UNITY_53_SPECIFIC_TARGET_WEBGL SHADER_API_MOBILE SHADER_API_DESKTOP ok=1
Cmd: compileSnippet
  api=5 type=0 insize=1275 outsize=4126 kw=POINT SHADOWS_CUBE pd=UNITY_NO_DXT5nm UNITY_NO_LINEAR_COLORSPACE UNITY_ENABLE_REFLECTION_BUFFERS UNITY_FRAMEBUFFER_FETCH_AVAILABLE UNITY_PBS_USE_BRDF1 UNITY_SPECCUBE_BOX_PROJECTION UNITY_SPECCUBE_BLENDING UNITY_53_SPECIFIC_TARGET_WEBGL SHADER_API_MOBILE SHADER_API_DESKTOP ok=1
Cmd: compileSnippet
  api=5 type=0 insize=1275 outsize=5356 kw=POINT SHADOWS_CUBE SHADOWS_SOFT pd=UNITY_NO_DXT5nm UNITY_NO_LINEAR_COLORSPACE UNITY_ENABLE_REFLECTION_BUFFERS UNITY_FRAMEBUFFER_FETCH_AVAILABLE UNITY_PBS_USE_BRDF1 UNITY_SPECCUBE_BOX_PROJECTION UNITY_SPECCUBE_BLENDING UNITY_53_SPECIFIC_TARGET_WEBGL SHADER_API_MOBILE SHADER_API_DESKTOP ok=1
Cmd: compileSnippet
  api=5 type=1 insize=1275 outsize=0 kw=SPOT SHADOWS_OFF pd=UNITY_NO_DXT5nm UNITY_NO_LINEAR_COLORSPACE UNITY_ENABLE_REFLECTION_BUFFERS UNITY_FRAMEBUFFER_FETCH_AVAILABLE UNITY_PBS_USE_BRDF1 UNITY_SPECCUBE_BOX_PROJECTION UNITY_SPECCUBE_BLENDING UNITY_53_SPECIFIC_TARGET_WEBGL SHADER_API_MOBILE SHADER_API_DESKTOP ok=1
Cmd: compileSnippet
  api=5 type=1 insize=1275 outsize=0 kw=DIRECTIONAL_COOKIE SHADOWS_OFF pd=UNITY_NO_DXT5nm UNITY_NO_LINEAR_COLORSPACE UNITY_ENABLE_REFLECTION_BUFFERS UNITY_FRAMEBUFFER_FETCH_AVAILABLE UNITY_PBS_USE_BRDF1 UNITY_SPECCUBE_BOX_PROJECTION UNITY_SPECCUBE_BLENDING UNITY_53_SPECIFIC_TARGET_WEBGL SHADER_API_MOBILE SHADER_API_DESKTOP ok=1
Cmd: compileSnippet
  api=5 type=1 insize=1275 outsize=0 kw=DIRECTIONAL_COOKIE SHADOWS_SCREEN pd=UNITY_NO_DXT5nm UNITY_NO_LINEAR_COLORSPACE UNITY_ENABLE_REFLECTION_BUFFERS UNITY_FRAMEBUFFER_FETCH_AVAILABLE UNITY_PBS_USE_BRDF1 UNITY_SPECCUBE_BOX_PROJECTION UNITY_SPECCUBE_BLENDING UNITY_53_SPECIFIC_TARGET_WEBGL SHADER_API_MOBILE SHADER_API_DESKTOP ok=1
Cmd: compileSnippet
  api=5 type=1 insize=1275 outsize=0 kw=SPOT SHADOWS_DEPTH SHADOWS_SOFT SHADOWS_NATIVE pd=UNITY_NO_DXT5nm UNITY_NO_LINEAR_COLORSPACE UNITY_ENABLE_REFLECTION_BUFFERS UNITY_FRAMEBUFFER_FETCH_AVAILABLE UNITY_PBS_USE_BRDF1 UNITY_SPECCUBE_BOX_PROJECTION UNITY_SPECCUBE_BLENDING UNITY_53_SPECIFIC_TARGET_WEBGL SHADER_API_MOBILE SHADER_API_DESKTOP ok=1
Cmd: compileSnippet
  api=5 type=0 insize=1268 outsize=3839 kw=POINT_COOKIE SHADOWS_OFF pd=UNITY_NO_DXT5nm UNITY_NO_LINEAR_COLORSPACE UNITY_ENABLE_REFLECTION_BUFFERS UNITY_FRAMEBUFFER_FETCH_AVAILABLE UNITY_PBS_USE_BRDF1 UNITY_SPECCUBE_BOX_PROJECTION UNITY_SPECCUBE_BLENDING UNITY_53_SPECIFIC_TARGET_WEBGL SHADER_API_MOBILE SHADER_API_DESKTOP ok=1
Cmd: compileSnippet
  api=5 type=0 insize=1268 outsize=3602 kw=DIRECTIONAL SHADOWS_SCREEN pd=UNITY_NO_DXT5nm UNITY_NO_LINEAR_COLORSPACE UNITY_ENABLE_REFLECTION_BUFFERS UNITY_FRAMEBUFFER_FETCH_AVAILABLE UNITY_PBS_USE_BRDF1 UNITY_SPECCUBE_BOX_PROJECTION UNITY_SPECCUBE_BLENDING UNITY_53_SPECIFIC_TARGET_WEBGL SHADER_API_MOBILE SHADER_API_DESKTOP ok=1
Cmd: compileSnippet
  api=5 type=0 insize=1268 outsize=4066 kw=POINT SHADOWS_CUBE pd=UNITY_NO_DXT5nm UNITY_NO_LINEAR_COLORSPACE UNITY_ENABLE_REFLECTION_BUFFERS UNITY_FRAMEBUFFER_FETCH_AVAILABLE UNITY_PBS_USE_BRDF1 UNITY_SPECCUBE_BOX_PROJECTION UNITY_SPECCUBE_BLENDING UNITY_53_SPECIFIC_TARGET_WEBGL SHADER_API_MOBILE SHADER_API_DESKTOP ok=1
Cmd: compileSnippet
  api=5 type=0 insize=1268 outsize=5296 kw=POINT SHADOWS_CUBE SHADOWS_SOFT pd=UNITY_NO_DXT5nm UNITY_NO_LINEAR_COLORSPACE UNITY_ENABLE_REFLECTION_BUFFERS UNITY_FRAMEBUFFER_FETCH_AVAILABLE UNITY_PBS_USE_BRDF1 UNITY_SPECCUBE_BOX_PROJECTION UNITY_SPECCUBE_BLENDING UNITY_53_SPECIFIC_TARGET_WEBGL SHADER_API_MOBILE SHADER_API_DESKTOP ok=1
Cmd: compileSnippet
  api=5 type=1 insize=1268 outsize=0 kw=POINT_COOKIE SHADOWS_OFF pd=UNITY_NO_DXT5nm UNITY_NO_LINEAR_COLORSPACE UNITY_ENABLE_REFLECTION_BUFFERS UNITY_FRAMEBUFFER_FETCH_AVAILABLE UNITY_PBS_USE_BRDF1 UNITY_SPECCUBE_BOX_PROJECTION UNITY_SPECCUBE_BLENDING UNITY_53_SPECIFIC_TARGET_WEBGL SHADER_API_MOBILE SHADER_API_DESKTOP ok=1
Cmd: compileSnippet
  api=5 type=1 insize=1268 outsize=0 kw=DIRECTIONAL_COOKIE SHADOWS_OFF pd=UNITY_NO_DXT5nm UNITY_NO_LINEAR_COLORSPACE UNITY_ENABLE_REFLECTION_BUFFERS UNITY_FRAMEBUFFER_FETCH_AVAILABLE UNITY_PBS_USE_BRDF1 UNITY_SPECCUBE_BOX_PROJECTION UNITY_SPECCUBE_BLENDING UNITY_53_SPECIFIC_TARGET_WEBGL SHADER_API_MOBILE SHADER_API_DESKTOP ok=1
Cmd: compileSnippet
  api=5 type=1 insize=1268 outsize=0 kw=DIRECTIONAL_COOKIE SHADOWS_SCREEN pd=UNITY_NO_DXT5nm UNITY_NO_LINEAR_COLORSPACE UNITY_ENABLE_REFLECTION_BUFFERS UNITY_FRAMEBUFFER_FETCH_AVAILABLE UNITY_PBS_USE_BRDF1 UNITY_SPECCUBE_BOX_PROJECTION UNITY_SPECCUBE_BLENDING UNITY_53_SPECIFIC_TARGET_WEBGL SHADER_API_MOBILE SHADER_API_DESKTOP ok=1
Cmd: compileSnippet
  api=5 type=1 insize=1268 outsize=0 kw=POINT SHADOWS_CUBE SHADOWS_SOFT pd=UNITY_NO_DXT5nm UNITY_NO_LINEAR_COLORSPACE UNITY_ENABLE_REFLECTION_BUFFERS UNITY_FRAMEBUFFER_FETCH_AVAILABLE UNITY_PBS_USE_BRDF1 UNITY_SPECCUBE_BOX_PROJECTION UNITY_SPECCUBE_BLENDING UNITY_53_SPECIFIC_TARGET_WEBGL SHADER_API_MOBILE SHADER_API_DESKTOP ok=1
Cmd: compileSnippet
  api=5 type=0 insize=1273 outsize=3844 kw=POINT_COOKIE SHADOWS_OFF pd=UNITY_NO_DXT5nm UNITY_NO_LINEAR_COLORSPACE UNITY_ENABLE_REFLECTION_BUFFERS UNITY_FRAMEBUFFER_FETCH_AVAILABLE UNITY_PBS_USE_BRDF1 UNITY_SPECCUBE_BOX_PROJECTION UNITY_SPECCUBE_BLENDING UNITY_53_SPECIFIC_TARGET_WEBGL SHADER_API_MOBILE SHADER_API_DESKTOP ok=1
Cmd: compileSnippet
  api=5 type=0 insize=1273 outsize=4878 kw=SPOT SHADOWS_DEPTH SHADOWS_NONATIVE pd=UNITY_NO_DXT5nm UNITY_NO_LINEAR_COLORSPACE UNITY_ENABLE_REFLECTION_BUFFERS UNITY_FRAMEBUFFER_FETCH_AVAILABLE UNITY_PBS_USE_BRDF1 UNITY_SPECCUBE_BOX_PROJECTION UNITY_SPECCUBE_BLENDING UNITY_53_SPECIFIC_TARGET_WEBGL SHADER_API_MOBILE SHADER_API_DESKTOP ok=1
Cmd: compileSnippet
  api=5 type=0 insize=1273 outsize=4071 kw=POINT SHADOWS_CUBE pd=UNITY_NO_DXT5nm UNITY_NO_LINEAR_COLORSPACE UNITY_ENABLE_REFLECTION_BUFFERS UNITY_FRAMEBUFFER_FETCH_AVAILABLE UNITY_PBS_USE_BRDF1 UNITY_SPECCUBE_BOX_PROJECTION UNITY_SPECCUBE_BLENDING UNITY_53_SPECIFIC_TARGET_WEBGL SHADER_API_MOBILE SHADER_API_DESKTOP ok=1
Cmd: compileSnippet
  api=5 type=0 insize=1273 outsize=5301 kw=POINT SHADOWS_CUBE SHADOWS_SOFT pd=UNITY_NO_DXT5nm UNITY_NO_LINEAR_COLORSPACE UNITY_ENABLE_REFLECTION_BUFFERS UNITY_FRAMEBUFFER_FETCH_AVAILABLE UNITY_PBS_USE_BRDF1 UNITY_SPECCUBE_BOX_PROJECTION UNITY_SPECCUBE_BLENDING UNITY_53_SPECIFIC_TARGET_WEBGL SHADER_API_MOBILE SHADER_API_DESKTOP ok=1
Cmd: compileSnippet
  api=5 type=1 insize=1273 outsize=0 kw=SPOT SHADOWS_OFF pd=UNITY_NO_DXT5nm UNITY_NO_LINEAR_COLORSPACE UNITY_ENABLE_REFLECTION_BUFFERS UNITY_FRAMEBUFFER_FETCH_AVAILABLE UNITY_PBS_USE_BRDF1 UNITY_SPECCUBE_BOX_PROJECTION UNITY_SPECCUBE_BLENDING UNITY_53_SPECIFIC_TARGET_WEBGL SHADER_API_MOBILE SHADER_API_DESKTOP ok=1
Cmd: compileSnippet
  api=5 type=1 insize=1273 outsize=0 kw=SPOT SHADOWS_DEPTH SHADOWS_NONATIVE pd=UNITY_NO_DXT5nm UNITY_NO_LINEAR_COLORSPACE UNITY_ENABLE_REFLECTION_BUFFERS UNITY_FRAMEBUFFER_FETCH_AVAILABLE UNITY_PBS_USE_BRDF1 UNITY_SPECCUBE_BOX_PROJECTION UNITY_SPECCUBE_BLENDING UNITY_53_SPECIFIC_TARGET_WEBGL SHADER_API_MOBILE SHADER_API_DESKTOP ok=1
Cmd: compileSnippet
  api=5 type=1 insize=1273 outsize=0 kw=DIRECTIONAL_COOKIE SHADOWS_SCREEN pd=UNITY_NO_DXT5nm UNITY_NO_LINEAR_COLORSPACE UNITY_ENABLE_REFLECTION_BUFFERS UNITY_FRAMEBUFFER_FETCH_AVAILABLE UNITY_PBS_USE_BRDF1 UNITY_SPECCUBE_BOX_PROJECTION UNITY_SPECCUBE_BLENDING UNITY_53_SPECIFIC_TARGET_WEBGL SHADER_API_MOBILE SHADER_API_DESKTOP ok=1
Cmd: compileSnippet
  api=5 type=1 insize=1273 outsize=0 kw=POINT_COOKIE SHADOWS_CUBE SHADOWS_SOFT pd=UNITY_NO_DXT5nm UNITY_NO_LINEAR_COLORSPACE UNITY_ENABLE_REFLECTION_BUFFERS UNITY_FRAMEBUFFER_FETCH_AVAILABLE UNITY_PBS_USE_BRDF1 UNITY_SPECCUBE_BOX_PROJECTION UNITY_SPECCUBE_BLENDING UNITY_53_SPECIFIC_TARGET_WEBGL SHADER_API_MOBILE SHADER_API_DESKTOP ok=1
Cmd: compileSnippet
  api=5 type=0 insize=1934 outsize=5565 kw=SPOT SHADOWS_OFF pd=UNITY_NO_DXT5nm UNITY_NO_LINEAR_COLORSPACE UNITY_ENABLE_REFLECTION_BUFFERS UNITY_FRAMEBUFFER_FETCH_AVAILABLE UNITY_PBS_USE_BRDF1 UNITY_SPECCUBE_BOX_PROJECTION UNITY_SPECCUBE_BLENDING UNITY_53_SPECIFIC_TARGET_WEBGL SHADER_API_MOBILE SHADER_API_DESKTOP ok=1
Cmd: compileSnippet
  api=5 type=0 insize=1934 outsize=5359 kw=DIRECTIONAL SHADOWS_SCREEN pd=UNITY_NO_DXT5nm UNITY_NO_LINEAR_COLORSPACE UNITY_ENABLE_REFLECTION_BUFFERS UNITY_FRAMEBUFFER_FETCH_AVAILABLE UNITY_PBS_USE_BRDF1 UNITY_SPECCUBE_BOX_PROJECTION UNITY_SPECCUBE_BLENDING UNITY_53_SPECIFIC_TARGET_WEBGL SHADER_API_MOBILE SHADER_API_DESKTOP ok=1
Cmd: compileSnippet
  api=5 type=0 insize=1934 outsize=5971 kw=POINT_COOKIE SHADOWS_CUBE pd=UNITY_NO_DXT5nm UNITY_NO_LINEAR_COLORSPACE UNITY_ENABLE_REFLECTION_BUFFERS UNITY_FRAMEBUFFER_FETCH_AVAILABLE UNITY_PBS_USE_BRDF1 UNITY_SPECCUBE_BOX_PROJECTION UNITY_SPECCUBE_BLENDING UNITY_53_SPECIFIC_TARGET_WEBGL SHADER_API_MOBILE SHADER_API_DESKTOP ok=1
Cmd: compileSnippet
  api=5 type=0 insize=1934 outsize=4943 kw=POINT SHADOWS_OFF UNITY_HDR_ON pd=UNITY_NO_DXT5nm UNITY_NO_LINEAR_COLORSPACE UNITY_ENABLE_REFLECTION_BUFFERS UNITY_FRAMEBUFFER_FETCH_AVAILABLE UNITY_PBS_USE_BRDF1 UNITY_SPECCUBE_BOX_PROJECTION UNITY_SPECCUBE_BLENDING UNITY_53_SPECIFIC_TARGET_WEBGL SHADER_API_MOBILE SHADER_API_DESKTOP ok=1
Cmd: compileSnippet
  api=5 type=0 insize=1934 outsize=5313 kw=POINT_COOKIE SHADOWS_OFF UNITY_HDR_ON pd=UNITY_NO_DXT5nm UNITY_NO_LINEAR_COLORSPACE UNITY_ENABLE_REFLECTION_BUFFERS UNITY_FRAMEBUFFER_FETCH_AVAILABLE UNITY_PBS_USE_BRDF1 UNITY_SPECCUBE_BOX_PROJECTION UNITY_SPECCUBE_BLENDING UNITY_53_SPECIFIC_TARGET_WEBGL SHADER_API_MOBILE SHADER_API_DESKTOP ok=1
Cmd: compileSnippet
  api=5 type=0 insize=1934 outsize=5250 kw=DIRECTIONAL SHADOWS_SCREEN UNITY_HDR_ON pd=UNITY_NO_DXT5nm UNITY_NO_LINEAR_COLORSPACE UNITY_ENABLE_REFLECTION_BUFFERS UNITY_FRAMEBUFFER_FETCH_AVAILABLE UNITY_PBS_USE_BRDF1 UNITY_SPECCUBE_BOX_PROJECTION UNITY_SPECCUBE_BLENDING UNITY_53_SPECIFIC_TARGET_WEBGL SHADER_API_MOBILE SHADER_API_DESKTOP ok=1
Cmd: compileSnippet
  api=5 type=0 insize=1934 outsize=7596 kw=SPOT SHADOWS_DEPTH SHADOWS_SOFT UNITY_HDR_ON SHADOWS_NONATIVE pd=UNITY_NO_DXT5nm UNITY_NO_LINEAR_COLORSPACE UNITY_ENABLE_REFLECTION_BUFFERS UNITY_FRAMEBUFFER_FETCH_AVAILABLE UNITY_PBS_USE_BRDF1 UNITY_SPECCUBE_BOX_PROJECTION UNITY_SPECCUBE_BLENDING UNITY_53_SPECIFIC_TARGET_WEBGL SHADER_API_MOBILE SHADER_API_DESKTOP ok=1
Cmd: compileSnippet
  api=5 type=1 insize=1934 outsize=0 kw=POINT_COOKIE SHADOWS_OFF pd=UNITY_NO_DXT5nm UNITY_NO_LINEAR_COLORSPACE UNITY_ENABLE_REFLECTION_BUFFERS UNITY_FRAMEBUFFER_FETCH_AVAILABLE UNITY_PBS_USE_BRDF1 UNITY_SPECCUBE_BOX_PROJECTION UNITY_SPECCUBE_BLENDING UNITY_53_SPECIFIC_TARGET_WEBGL SHADER_API_MOBILE SHADER_API_DESKTOP ok=1
Cmd: compileSnippet
  api=5 type=1 insize=1934 outsize=0 kw=SPOT SHADOWS_DEPTH SHADOWS_NATIVE pd=UNITY_NO_DXT5nm UNITY_NO_LINEAR_COLORSPACE UNITY_ENABLE_REFLECTION_BUFFERS UNITY_FRAMEBUFFER_FETCH_AVAILABLE UNITY_PBS_USE_BRDF1 UNITY_SPECCUBE_BOX_PROJECTION UNITY_SPECCUBE_BLENDING UNITY_53_SPECIFIC_TARGET_WEBGL SHADER_API_MOBILE SHADER_API_DESKTOP ok=1
Cmd: compileSnippet
  api=5 type=1 insize=1934 outsize=0 kw=SPOT SHADOWS_DEPTH SHADOWS_SOFT SHADOWS_NONATIVE pd=UNITY_NO_DXT5nm UNITY_NO_LINEAR_COLORSPACE UNITY_ENABLE_REFLECTION_BUFFERS UNITY_FRAMEBUFFER_FETCH_AVAILABLE UNITY_PBS_USE_BRDF1 UNITY_SPECCUBE_BOX_PROJECTION UNITY_SPECCUBE_BLENDING UNITY_53_SPECIFIC_TARGET_WEBGL SHADER_API_MOBILE SHADER_API_DESKTOP ok=1
Cmd: compileSnippet
  api=5 type=1 insize=1934 outsize=0 kw=POINT_COOKIE SHADOWS_CUBE SHADOWS_SOFT pd=UNITY_NO_DXT5nm UNITY_NO_LINEAR_COLORSPACE UNITY_ENABLE_REFLECTION_BUFFERS UNITY_FRAMEBUFFER_FETCH_AVAILABLE UNITY_PBS_USE_BRDF1 UNITY_SPECCUBE_BOX_PROJECTION UNITY_SPECCUBE_BLENDING UNITY_53_SPECIFIC_TARGET_WEBGL SHADER_API_MOBILE SHADER_API_DESKTOP ok=1
Cmd: compileSnippet
  api=5 type=1 insize=1934 outsize=0 kw=DIRECTIONAL SHADOWS_OFF UNITY_HDR_ON pd=UNITY_NO_DXT5nm UNITY_NO_LINEAR_COLORSPACE UNITY_ENABLE_REFLECTION_BUFFERS UNITY_FRAMEBUFFER_FETCH_AVAILABLE UNITY_PBS_USE_BRDF1 UNITY_SPECCUBE_BOX_PROJECTION UNITY_SPECCUBE_BLENDING UNITY_53_SPECIFIC_TARGET_WEBGL SHADER_API_MOBILE SHADER_API_DESKTOP ok=1
Cmd: compileSnippet
  api=5 type=1 insize=1934 outsize=0 kw=DIRECTIONAL SHADOWS_SCREEN UNITY_HDR_ON pd=UNITY_NO_DXT5nm UNITY_NO_LINEAR_COLORSPACE UNITY_ENABLE_REFLECTION_BUFFERS UNITY_FRAMEBUFFER_FETCH_AVAILABLE UNITY_PBS_USE_BRDF1 UNITY_SPECCUBE_BOX_PROJECTION UNITY_SPECCUBE_BLENDING UNITY_53_SPECIFIC_TARGET_WEBGL SHADER_API_MOBILE SHADER_API_DESKTOP ok=1
Cmd: compileSnippet
  api=5 type=1 insize=1934 outsize=0 kw=SPOT SHADOWS_DEPTH SHADOWS_SOFT UNITY_HDR_ON SHADOWS_NONATIVE pd=UNITY_NO_DXT5nm UNITY_NO_LINEAR_COLORSPACE UNITY_ENABLE_REFLECTION_BUFFERS UNITY_FRAMEBUFFER_FETCH_AVAILABLE UNITY_PBS_USE_BRDF1 UNITY_SPECCUBE_BOX_PROJECTION UNITY_SPECCUBE_BLENDING UNITY_53_SPECIFIC_TARGET_WEBGL SHADER_API_MOBILE SHADER_API_DESKTOP ok=1
Cmd: compileSnippet
  api=5 type=1 insize=859 outsize=0 kw=UNITY_HDR_ON pd=UNITY_NO_DXT5nm UNITY_NO_LINEAR_COLORSPACE UNITY_ENABLE_REFLECTION_BUFFERS UNITY_FRAMEBUFFER_FETCH_AVAILABLE UNITY_PBS_USE_BRDF1 UNITY_SPECCUBE_BOX_PROJECTION UNITY_SPECCUBE_BLENDING UNITY_53_SPECIFIC_TARGET_WEBGL SHADER_API_MOBILE SHADER_API_DESKTOP ok=1
Cmd: compileSnippet
  api=5 type=1 insize=1420 outsize=0 kw=UNITY_UI_ALPHACLIP pd=UNITY_NO_DXT5nm UNITY_NO_LINEAR_COLORSPACE UNITY_ENABLE_REFLECTION_BUFFERS UNITY_FRAMEBUFFER_FETCH_AVAILABLE UNITY_PBS_USE_BRDF1 UNITY_SPECCUBE_BOX_PROJECTION UNITY_SPECCUBE_BLENDING UNITY_53_SPECIFIC_TARGET_WEBGL SHADER_API_MOBILE SHADER_API_DESKTOP ok=1
